---------------------------------------------
1 ROUGE-1 Average_R: 0.14140 (95%-conf.int. 0.12633 - 0.15614)
1 ROUGE-1 Average_P: 0.22437 (95%-conf.int. 0.19519 - 0.25653)
1 ROUGE-1 Average_F: 0.16449 (95%-conf.int. 0.14791 - 0.18098)
.............................................
1 ROUGE-1 Eval D1001-A.M.100.A.1 R:0.20988 P:0.18750 F:0.19806
1 ROUGE-1 Eval D1002-A.M.100.A.1 R:0.18828 P:0.43269 F:0.26239
1 ROUGE-1 Eval D1003-A.M.100.A.1 R:0.08225 P:0.26389 F:0.12541
1 ROUGE-1 Eval D1004-A.M.100.A.1 R:0.20661 P:0.26042 F:0.23042
1 ROUGE-1 Eval D1005-A.M.100.A.1 R:0.22951 P:0.25000 F:0.23932
1 ROUGE-1 Eval D1006-A.M.100.A.1 R:0.06897 P:0.12500 F:0.08889
1 ROUGE-1 Eval D1007-A.M.100.B.1 R:0.10667 P:0.40000 F:0.16843
1 ROUGE-1 Eval D1008-A.M.100.B.1 R:0.11694 P:0.11508 F:0.11600
1 ROUGE-1 Eval D1009-A.M.100.B.1 R:0.19027 P:0.26220 F:0.22052
1 ROUGE-1 Eval D1010-A.M.100.B.1 R:0.16800 P:0.45652 F:0.24561
1 ROUGE-1 Eval D1011-A.M.100.C.1 R:0.12069 P:0.10769 F:0.11382
1 ROUGE-1 Eval D1012-A.M.100.C.1 R:0.23577 P:0.22308 F:0.22925
1 ROUGE-1 Eval D1013-A.M.100.C.1 R:0.19277 P:0.18750 F:0.19010
1 ROUGE-1 Eval D1014-A.M.100.C.1 R:0.14226 P:0.22973 F:0.17571
1 ROUGE-1 Eval D1015-A.M.100.C.1 R:0.12075 P:0.15385 F:0.13531
1 ROUGE-1 Eval D1016-A.M.100.C.1 R:0.16143 P:0.25000 F:0.19618
1 ROUGE-1 Eval D1017-A.M.100.D.1 R:0.08163 P:0.14706 F:0.10498
1 ROUGE-1 Eval D1018-A.M.100.D.1 R:0.17992 P:0.15580 F:0.16699
1 ROUGE-1 Eval D1019-A.M.100.D.1 R:0.22083 P:0.21371 F:0.21721
1 ROUGE-1 Eval D1020-A.M.100.D.1 R:0.10744 P:0.09155 F:0.09886
1 ROUGE-1 Eval D1021-A.M.100.D.1 R:0.13136 P:0.10764 F:0.11832
1 ROUGE-1 Eval D1022-A.M.100.D.1 R:0.17573 P:0.32812 F:0.22888
1 ROUGE-1 Eval D1023-A.M.100.E.1 R:0.07851 P:0.06786 F:0.07280
1 ROUGE-1 Eval D1024-A.M.100.E.1 R:0.17083 P:0.15530 F:0.16270
1 ROUGE-1 Eval D1025-A.M.100.E.1 R:0.15044 P:0.19318 F:0.16915
1 ROUGE-1 Eval D1026-A.M.100.E.1 R:0.15385 P:0.13846 F:0.14575
1 ROUGE-1 Eval D1027-A.M.100.E.1 R:0.15476 P:0.48750 F:0.23494
1 ROUGE-1 Eval D1028-A.M.100.E.1 R:0.08750 P:0.35000 F:0.14000
1 ROUGE-1 Eval D1029-A.M.100.F.1 R:0.12500 P:0.20270 F:0.15464
1 ROUGE-1 Eval D1030-A.M.100.F.1 R:0.12302 P:0.11071 F:0.11654
1 ROUGE-1 Eval D1031-A.M.100.F.1 R:0.09796 P:0.20000 F:0.13151
1 ROUGE-1 Eval D1032-A.M.100.F.1 R:0.15267 P:0.30303 F:0.20304
1 ROUGE-1 Eval D1033-A.M.100.F.1 R:0.19421 P:0.21759 F:0.20524
1 ROUGE-1 Eval D1034-A.M.100.F.1 R:0.06584 P:0.11765 F:0.08443
1 ROUGE-1 Eval D1035-A.M.100.G.1 R:0.16260 P:0.40000 F:0.23121
1 ROUGE-1 Eval D1036-A.M.100.G.1 R:0.13469 P:0.24265 F:0.17323
1 ROUGE-1 Eval D1037-A.M.100.G.1 R:0.20833 P:0.16544 F:0.18442
1 ROUGE-1 Eval D1038-A.M.100.G.1 R:0.14510 P:0.17130 F:0.15712
1 ROUGE-1 Eval D1039-A.M.100.G.1 R:0.09388 P:0.19828 F:0.12743
1 ROUGE-1 Eval D1040-A.M.100.G.1 R:0.08936 P:0.21875 F:0.12689
1 ROUGE-1 Eval D1041-A.M.100.H.1 R:0.07087 P:0.09184 F:0.08000
1 ROUGE-1 Eval D1042-A.M.100.H.1 R:0.08520 P:0.27941 F:0.13058
1 ROUGE-1 Eval D1043-A.M.100.H.1 R:0.03390 P:0.07692 F:0.04706
1 ROUGE-1 Eval D1044-A.M.100.H.1 R:0.24473 P:0.29000 F:0.26545
1 ROUGE-1 Eval D1045-A.M.100.H.1 R:0.16929 P:0.33594 F:0.22513
1 ROUGE-1 Eval D1046-A.M.100.H.1 R:0.06693 P:0.32692 F:0.11111
---------------------------------------------
1 ROUGE-2 Average_R: 0.03887 (95%-conf.int. 0.03093 - 0.04622)
1 ROUGE-2 Average_P: 0.06320 (95%-conf.int. 0.04951 - 0.07806)
1 ROUGE-2 Average_F: 0.04545 (95%-conf.int. 0.03693 - 0.05395)
.............................................
1 ROUGE-2 Eval D1001-A.M.100.A.1 R:0.05858 P:0.05224 F:0.05523
1 ROUGE-2 Eval D1002-A.M.100.A.1 R:0.05532 P:0.13000 F:0.07761
1 ROUGE-2 Eval D1003-A.M.100.A.1 R:0.02203 P:0.07353 F:0.03390
1 ROUGE-2 Eval D1004-A.M.100.A.1 R:0.04622 P:0.05851 F:0.05164
1 ROUGE-2 Eval D1005-A.M.100.A.1 R:0.10417 P:0.11364 F:0.10870
1 ROUGE-2 Eval D1006-A.M.100.A.1 R:0.00000 P:0.00000 F:0.00000
1 ROUGE-2 Eval D1007-A.M.100.B.1 R:0.03167 P:0.12500 F:0.05054
1 ROUGE-2 Eval D1008-A.M.100.B.1 R:0.02049 P:0.02016 F:0.02032
1 ROUGE-2 Eval D1009-A.M.100.B.1 R:0.06757 P:0.09375 F:0.07854
1 ROUGE-2 Eval D1010-A.M.100.B.1 R:0.09350 P:0.26136 F:0.13773
1 ROUGE-2 Eval D1011-A.M.100.C.1 R:0.03509 P:0.03125 F:0.03306
1 ROUGE-2 Eval D1012-A.M.100.C.1 R:0.03719 P:0.03516 F:0.03615
1 ROUGE-2 Eval D1013-A.M.100.C.1 R:0.10612 P:0.10317 F:0.10462
1 ROUGE-2 Eval D1014-A.M.100.C.1 R:0.05532 P:0.09028 F:0.06860
1 ROUGE-2 Eval D1015-A.M.100.C.1 R:0.03065 P:0.03922 F:0.03441
1 ROUGE-2 Eval D1016-A.M.100.C.1 R:0.03196 P:0.05000 F:0.03899
1 ROUGE-2 Eval D1017-A.M.100.D.1 R:0.00830 P:0.01515 F:0.01072
1 ROUGE-2 Eval D1018-A.M.100.D.1 R:0.09787 P:0.08456 F:0.09073
1 ROUGE-2 Eval D1019-A.M.100.D.1 R:0.06356 P:0.06148 F:0.06250
1 ROUGE-2 Eval D1020-A.M.100.D.1 R:0.02101 P:0.01786 F:0.01931
1 ROUGE-2 Eval D1021-A.M.100.D.1 R:0.01724 P:0.01408 F:0.01550
1 ROUGE-2 Eval D1022-A.M.100.D.1 R:0.05532 P:0.10484 F:0.07242
1 ROUGE-2 Eval D1023-A.M.100.E.1 R:0.00420 P:0.00362 F:0.00389
1 ROUGE-2 Eval D1024-A.M.100.E.1 R:0.05085 P:0.04615 F:0.04839
1 ROUGE-2 Eval D1025-A.M.100.E.1 R:0.03153 P:0.04070 F:0.03553
1 ROUGE-2 Eval D1026-A.M.100.E.1 R:0.05217 P:0.04688 F:0.04938
1 ROUGE-2 Eval D1027-A.M.100.E.1 R:0.04839 P:0.15789 F:0.07408
1 ROUGE-2 Eval D1028-A.M.100.E.1 R:0.03390 P:0.14286 F:0.05480
1 ROUGE-2 Eval D1029-A.M.100.F.1 R:0.02119 P:0.03472 F:0.02632
1 ROUGE-2 Eval D1030-A.M.100.F.1 R:0.02419 P:0.02174 F:0.02290
1 ROUGE-2 Eval D1031-A.M.100.F.1 R:0.03320 P:0.06897 F:0.04482
1 ROUGE-2 Eval D1032-A.M.100.F.1 R:0.01938 P:0.03906 F:0.02591
1 ROUGE-2 Eval D1033-A.M.100.F.1 R:0.06723 P:0.07547 F:0.07111
1 ROUGE-2 Eval D1034-A.M.100.F.1 R:0.00000 P:0.00000 F:0.00000
1 ROUGE-2 Eval D1035-A.M.100.G.1 R:0.04545 P:0.11458 F:0.06508
1 ROUGE-2 Eval D1036-A.M.100.G.1 R:0.02490 P:0.04545 F:0.03217
1 ROUGE-2 Eval D1037-A.M.100.G.1 R:0.00943 P:0.00746 F:0.00833
1 ROUGE-2 Eval D1038-A.M.100.G.1 R:0.02789 P:0.03302 F:0.03024
1 ROUGE-2 Eval D1039-A.M.100.G.1 R:0.01660 P:0.03571 F:0.02266
1 ROUGE-2 Eval D1040-A.M.100.G.1 R:0.02165 P:0.05435 F:0.03097
1 ROUGE-2 Eval D1041-A.M.100.H.1 R:0.02000 P:0.02604 F:0.02262
1 ROUGE-2 Eval D1042-A.M.100.H.1 R:0.00913 P:0.03125 F:0.01413
1 ROUGE-2 Eval D1043-A.M.100.H.1 R:0.01724 P:0.04000 F:0.02410
1 ROUGE-2 Eval D1044-A.M.100.H.1 R:0.09013 P:0.10714 F:0.09790
1 ROUGE-2 Eval D1045-A.M.100.H.1 R:0.04000 P:0.08065 F:0.05348
1 ROUGE-2 Eval D1046-A.M.100.H.1 R:0.01200 P:0.06250 F:0.02013
---------------------------------------------
A ROUGE-1 Average_R: 0.18839 (95%-conf.int. 0.14708 - 0.22957)
A ROUGE-1 Average_P: 0.22497 (95%-conf.int. 0.18704 - 0.27626)
A ROUGE-1 Average_F: 0.19976 (95%-conf.int. 0.16578 - 0.23314)
.............................................
A ROUGE-1 Eval D1001-A.M.100.A.A R:0.24691 P:0.21127 F:0.22770
A ROUGE-1 Eval D1002-A.M.100.A.A R:0.20502 P:0.34028 F:0.25587
A ROUGE-1 Eval D1003-A.M.100.A.A R:0.10823 P:0.21552 F:0.14410
A ROUGE-1 Eval D1004-A.M.100.A.A R:0.14876 P:0.20455 F:0.17225
A ROUGE-1 Eval D1005-A.M.100.A.A R:0.25000 P:0.22761 F:0.23828
A ROUGE-1 Eval D1006-A.M.100.A.A R:0.17241 P:0.15203 F:0.16158
---------------------------------------------
A ROUGE-2 Average_R: 0.04614 (95%-conf.int. 0.01996 - 0.07376)
A ROUGE-2 Average_P: 0.05489 (95%-conf.int. 0.02850 - 0.07868)
A ROUGE-2 Average_F: 0.04874 (95%-conf.int. 0.02277 - 0.07301)
.............................................
A ROUGE-2 Eval D1001-A.M.100.A.A R:0.07531 P:0.06429 F:0.06937
A ROUGE-2 Eval D1002-A.M.100.A.A R:0.05532 P:0.09286 F:0.06933
A ROUGE-2 Eval D1003-A.M.100.A.A R:0.02643 P:0.05357 F:0.03540
A ROUGE-2 Eval D1004-A.M.100.A.A R:0.02101 P:0.02907 F:0.02439
A ROUGE-2 Eval D1005-A.M.100.A.A R:0.09583 P:0.08712 F:0.09127
A ROUGE-2 Eval D1006-A.M.100.A.A R:0.00389 P:0.00342 F:0.00364
