---------------------------------------------
A ROUGE-1 Average_R: 0.33193 (95%-conf.int. 0.30652 - 0.36039)
A ROUGE-1 Average_P: 0.33140 (95%-conf.int. 0.30342 - 0.36432)
A ROUGE-1 Average_F: 0.33158 (95%-conf.int. 0.30465 - 0.36240)
.............................................
A ROUGE-1 Eval D1001-A.M.100.A.A R:0.37157 P:0.38802 F:0.37962
A ROUGE-1 Eval D1002-A.M.100.A.A R:0.29793 P:0.28186 F:0.28967
A ROUGE-1 Eval D1003-A.M.100.A.A R:0.34103 P:0.34278 F:0.34190
A ROUGE-1 Eval D1004-A.M.100.A.A R:0.40199 P:0.40909 F:0.40551
A ROUGE-1 Eval D1005-A.M.100.A.A R:0.31463 P:0.31010 F:0.31235
A ROUGE-1 Eval D1006-A.M.100.A.A R:0.28117 P:0.28750 F:0.28430
A ROUGE-1 Eval D1007-A.M.100.A.A R:0.34010 P:0.32524 F:0.33250
A ROUGE-1 Eval D1008-A.M.100.A.A R:0.30693 P:0.30693 F:0.30693
---------------------------------------------
A ROUGE-2 Average_R: 0.07371 (95%-conf.int. 0.05350 - 0.09567)
A ROUGE-2 Average_P: 0.07397 (95%-conf.int. 0.05270 - 0.09742)
A ROUGE-2 Average_F: 0.07382 (95%-conf.int. 0.05288 - 0.09652)
.............................................
A ROUGE-2 Eval D1001-A.M.100.A.A R:0.11839 P:0.12368 F:0.12098
A ROUGE-2 Eval D1002-A.M.100.A.A R:0.06283 P:0.05941 F:0.06107
A ROUGE-2 Eval D1003-A.M.100.A.A R:0.04922 P:0.04948 F:0.04935
A ROUGE-2 Eval D1004-A.M.100.A.A R:0.12782 P:0.13010 F:0.12895
A ROUGE-2 Eval D1005-A.M.100.A.A R:0.07143 P:0.07039 F:0.07091
A ROUGE-2 Eval D1006-A.M.100.A.A R:0.03457 P:0.03535 F:0.03496
A ROUGE-2 Eval D1007-A.M.100.A.A R:0.04615 P:0.04412 F:0.04511
A ROUGE-2 Eval D1008-A.M.100.A.A R:0.08000 P:0.08000 F:0.08000
