---------------------------------------------
A ROUGE-1 Average_R: 0.23737 (95%-conf.int. 0.19166 - 0.28129)
A ROUGE-1 Average_P: 0.32750 (95%-conf.int. 0.27988 - 0.37735)
A ROUGE-1 Average_F: 0.26506 (95%-conf.int. 0.23069 - 0.29686)
.............................................
A ROUGE-1 Eval D1001-A.M.100.A.A R:0.30673 P:0.30446 F:0.30559
A ROUGE-1 Eval D1002-A.M.100.A.A R:0.25907 P:0.41667 F:0.31949
A ROUGE-1 Eval D1003-A.M.100.A.A R:0.15641 P:0.29327 F:0.20401
A ROUGE-1 Eval D1004-A.M.100.A.A R:0.23573 P:0.33929 F:0.27818
A ROUGE-1 Eval D1005-A.M.100.A.A R:0.32927 P:0.33088 F:0.33007
A ROUGE-1 Eval D1006-A.M.100.A.A R:0.23961 P:0.23558 F:0.23758
A ROUGE-1 Eval D1007-A.M.100.A.A R:0.12690 P:0.44643 F:0.19762
A ROUGE-1 Eval D1008-A.M.100.A.A R:0.24752 P:0.25000 F:0.24875
---------------------------------------------
A ROUGE-2 Average_R: 0.05047 (95%-conf.int. 0.03162 - 0.06997)
A ROUGE-2 Average_P: 0.06852 (95%-conf.int. 0.04872 - 0.08766)
A ROUGE-2 Average_F: 0.05617 (95%-conf.int. 0.03756 - 0.07458)
.............................................
A ROUGE-2 Eval D1001-A.M.100.A.A R:0.08312 P:0.08250 F:0.08281
A ROUGE-2 Eval D1002-A.M.100.A.A R:0.07330 P:0.11864 F:0.09061
A ROUGE-2 Eval D1003-A.M.100.A.A R:0.03109 P:0.05882 F:0.04068
A ROUGE-2 Eval D1004-A.M.100.A.A R:0.03759 P:0.05435 F:0.04444
A ROUGE-2 Eval D1005-A.M.100.A.A R:0.09606 P:0.09653 F:0.09629
A ROUGE-2 Eval D1006-A.M.100.A.A R:0.02222 P:0.02184 F:0.02203
A ROUGE-2 Eval D1007-A.M.100.A.A R:0.02051 P:0.07407 F:0.03212
A ROUGE-2 Eval D1008-A.M.100.A.A R:0.04000 P:0.04040 F:0.04020
