---------------------------------------------
A ROUGE-1 Average_R: 0.32014 (95%-conf.int. 0.27882 - 0.35610)
A ROUGE-1 Average_P: 0.32356 (95%-conf.int. 0.28341 - 0.35822)
A ROUGE-1 Average_F: 0.32179 (95%-conf.int. 0.28086 - 0.35681)
.............................................
A ROUGE-1 Eval D1001-A.M.100.A.A R:0.36409 P:0.38421 F:0.37388
A ROUGE-1 Eval D1002-A.M.100.A.A R:0.27720 P:0.27020 F:0.27366
A ROUGE-1 Eval D1003-A.M.100.A.A R:0.37179 P:0.37371 F:0.37275
A ROUGE-1 Eval D1004-A.M.100.A.A R:0.36973 P:0.36881 F:0.36927
A ROUGE-1 Eval D1005-A.M.100.A.A R:0.36585 P:0.36058 F:0.36320
A ROUGE-1 Eval D1006-A.M.100.A.A R:0.27384 P:0.28000 F:0.27689
A ROUGE-1 Eval D1007-A.M.100.A.A R:0.32995 P:0.33163 F:0.33079
A ROUGE-1 Eval D1008-A.M.100.A.A R:0.20792 P:0.21875 F:0.21320
---------------------------------------------
A ROUGE-2 Average_R: 0.06704 (95%-conf.int. 0.04444 - 0.08940)
A ROUGE-2 Average_P: 0.06762 (95%-conf.int. 0.04488 - 0.09060)
A ROUGE-2 Average_F: 0.06732 (95%-conf.int. 0.04465 - 0.08964)
.............................................
A ROUGE-2 Eval D1001-A.M.100.A.A R:0.09320 P:0.09840 F:0.09573
A ROUGE-2 Eval D1002-A.M.100.A.A R:0.04188 P:0.04082 F:0.04134
A ROUGE-2 Eval D1003-A.M.100.A.A R:0.09585 P:0.09635 F:0.09610
A ROUGE-2 Eval D1004-A.M.100.A.A R:0.08020 P:0.08000 F:0.08010
A ROUGE-2 Eval D1005-A.M.100.A.A R:0.11576 P:0.11408 F:0.11491
A ROUGE-2 Eval D1006-A.M.100.A.A R:0.01975 P:0.02020 F:0.01997
A ROUGE-2 Eval D1007-A.M.100.A.A R:0.06923 P:0.06959 F:0.06941
A ROUGE-2 Eval D1008-A.M.100.A.A R:0.02000 P:0.02105 F:0.02051
